# JRE version: OpenJDK Runtime Environment (17.0.9) (build 17.0.9+0--11185874)
# Java VM: OpenJDK 64-Bit Server VM (17.0.9+0--11185874, mixed mode, tiered, compressed oops, compressed class ptrs, g1 gc, windows-amd64)
GC Precious Log:
 CPUs: 12 total, 12 available
 Memory: 16294M
 Large Page Support: Disabled
 NUMA Support: Disabled
 Compressed Oops: Enabled (32-bit)
 Heap Region Size: 1M
 Heap Min Capacity: 8M
 Heap Initial Capacity: 256M
 Heap Max Capacity: 2G
 Pre-touch: Disabled
 Parallel Workers: 10
 Concurrent Workers: 3
 Concurrent Refinement Workers: 10
 Periodic GC: Disabled
Heap:
 garbage-first heap   total 177152K, used 123753K [0x0000000080000000, 0x0000000100000000)
  region size 1024K, 8 young (8192K), 3 survivors (3072K)
 Metaspace       used 101194K, committed 102080K, reserved 1179648K
  class space    used 14043K, committed 14464K, reserved 1048576K
GC Heap History (20 events):
Event: 18.046 GC heap before
{Heap before GC invocations=32 (full 0):
 garbage-first heap   total 177152K, used 137203K [0x0000000080000000, 0x0000000100000000)
  region size 1024K, 57 young (58368K), 7 survivors (7168K)
 Metaspace       used 83431K, committed 84096K, reserved 1179648K
  class space    used 11250K, committed 11520K, reserved 1048576K
}
Event: 18.049 GC heap after
{Heap after GC invocations=33 (full 0):
 garbage-first heap   total 177152K, used 91185K [0x0000000080000000, 0x0000000100000000)
  region size 1024K, 8 young (8192K), 8 survivors (8192K)
 Metaspace       used 83431K, committed 84096K, reserved 1179648K
  class space    used 11250K, committed 11520K, reserved 1048576K
}
Event: 19.102 GC heap before
{Heap before GC invocations=33 (full 0):
 garbage-first heap   total 177152K, used 140337K [0x0000000080000000, 0x0000000100000000)
  region size 1024K, 56 young (57344K), 8 survivors (8192K)
 Metaspace       used 86824K, committed 87424K, reserved 1179648K
  class space    used 11814K, committed 12096K, reserved 1048576K
}
Event: 19.106 GC heap after
{Heap after GC invocations=34 (full 0):
 garbage-first heap   total 177152K, used 93184K [0x0000000080000000, 0x0000000100000000)
  region size 1024K, 3 young (3072K), 3 survivors (3072K)
 Metaspace       used 86824K, committed 87424K, reserved 1179648K
  class space    used 11814K, committed 12096K, reserved 1048576K
}
Event: 19.796 GC heap before
{Heap before GC invocations=34 (full 0):
 garbage-first heap   total 177152K, used 142336K [0x0000000080000000, 0x0000000100000000)
  region size 1024K, 51 young (52224K), 3 survivors (3072K)
 Metaspace       used 90185K, committed 90816K, reserved 1179648K
  class space    used 12405K, committed 12736K, reserved 1048576K
}
Event: 19.798 GC heap after
{Heap after GC invocations=35 (full 0):
 garbage-first heap   total 177152K, used 94688K [0x0000000080000000, 0x0000000100000000)
  region size 1024K, 4 young (4096K), 4 survivors (4096K)
 Metaspace       used 90185K, committed 90816K, reserved 1179648K
  class space    used 12405K, committed 12736K, reserved 1048576K
}
Event: 20.639 GC heap before
{Heap before GC invocations=35 (full 0):
 garbage-first heap   total 177152K, used 144864K [0x0000000080000000, 0x0000000100000000)
  region size 1024K, 53 young (54272K), 4 survivors (4096K)
 Metaspace       used 92639K, committed 93312K, reserved 1179648K
  class space    used 12770K, committed 13120K, reserved 1048576K
}
Event: 20.643 GC heap after
{Heap after GC invocations=36 (full 0):
 garbage-first heap   total 177152K, used 99615K [0x0000000080000000, 0x0000000100000000)
  region size 1024K, 7 young (7168K), 7 survivors (7168K)
 Metaspace       used 92639K, committed 93312K, reserved 1179648K
  class space    used 12770K, committed 13120K, reserved 1048576K
}
Event: 21.299 GC heap before
{Heap before GC invocations=36 (full 0):
 garbage-first heap   total 177152K, used 144671K [0x0000000080000000, 0x0000000100000000)
  region size 1024K, 51 young (52224K), 7 survivors (7168K)
 Metaspace       used 93839K, committed 94592K, reserved 1179648K
  class space    used 12972K, committed 13312K, reserved 1048576K
}
Event: 21.304 GC heap after
{Heap after GC invocations=37 (full 0):
 garbage-first heap   total 177152K, used 103442K [0x0000000080000000, 0x0000000100000000)
  region size 1024K, 5 young (5120K), 5 survivors (5120K)
 Metaspace       used 93839K, committed 94592K, reserved 1179648K
  class space    used 12972K, committed 13312K, reserved 1048576K
}
Event: 21.667 GC heap before
{Heap before GC invocations=37 (full 0):
 garbage-first heap   total 177152K, used 144402K [0x0000000080000000, 0x0000000100000000)
  region size 1024K, 45 young (46080K), 5 survivors (5120K)
 Metaspace       used 94146K, committed 94912K, reserved 1179648K
  class space    used 13000K, committed 13376K, reserved 1048576K
}
Event: 21.672 GC heap after
{Heap after GC invocations=38 (full 0):
 garbage-first heap   total 177152K, used 107612K [0x0000000080000000, 0x0000000100000000)
  region size 1024K, 6 young (6144K), 6 survivors (6144K)
 Metaspace       used 94146K, committed 94912K, reserved 1179648K
  class space    used 13000K, committed 13376K, reserved 1048576K
}
Event: 21.927 GC heap before
{Heap before GC invocations=38 (full 0):
 garbage-first heap   total 177152K, used 143452K [0x0000000080000000, 0x0000000100000000)
  region size 1024K, 41 young (41984K), 6 survivors (6144K)
 Metaspace       used 94519K, committed 95296K, reserved 1179648K
  class space    used 13038K, committed 13376K, reserved 1048576K
}
Event: 21.931 GC heap after
{Heap after GC invocations=39 (full 0):
 garbage-first heap   total 177152K, used 111969K [0x0000000080000000, 0x0000000100000000)
  region size 1024K, 6 young (6144K), 6 survivors (6144K)
 Metaspace       used 94519K, committed 95296K, reserved 1179648K
  class space    used 13038K, committed 13376K, reserved 1048576K
}
Event: 22.339 GC heap before
{Heap before GC invocations=39 (full 0):
 garbage-first heap   total 177152K, used 143713K [0x0000000080000000, 0x0000000100000000)
  region size 1024K, 37 young (37888K), 6 survivors (6144K)
 Metaspace       used 95820K, committed 96640K, reserved 1179648K
  class space    used 13213K, committed 13568K, reserved 1048576K
}
Event: 22.343 GC heap after
{Heap after GC invocations=40 (full 0):
 garbage-first heap   total 177152K, used 117035K [0x0000000080000000, 0x0000000100000000)
  region size 1024K, 5 young (5120K), 5 survivors (5120K)
 Metaspace       used 95820K, committed 96640K, reserved 1179648K
  class space    used 13213K, committed 13568K, reserved 1048576K
}
Event: 22.998 GC heap before
{Heap before GC invocations=40 (full 0):
 garbage-first heap   total 177152K, used 145707K [0x0000000080000000, 0x0000000100000000)
  region size 1024K, 33 young (33792K), 5 survivors (5120K)
 Metaspace       used 98077K, committed 98880K, reserved 1179648K
  class space    used 13588K, committed 13952K, reserved 1048576K
}
Event: 23.001 GC heap after
{Heap after GC invocations=41 (full 0):
 garbage-first heap   total 177152K, used 118904K [0x0000000080000000, 0x0000000100000000)
  region size 1024K, 3 young (3072K), 3 survivors (3072K)
 Metaspace       used 98077K, committed 98880K, reserved 1179648K
  class space    used 13588K, committed 13952K, reserved 1048576K
}
Event: 23.439 GC heap before
{Heap before GC invocations=41 (full 0):
 garbage-first heap   total 177152K, used 145528K [0x0000000080000000, 0x0000000100000000)
  region size 1024K, 30 young (30720K), 3 survivors (3072K)
 Metaspace       used 100217K, committed 101056K, reserved 1179648K
  class space    used 13939K, committed 14336K, reserved 1048576K
}
Event: 23.441 GC heap after
{Heap after GC invocations=42 (full 0):
 garbage-first heap   total 177152K, used 119657K [0x0000000080000000, 0x0000000100000000)
  region size 1024K, 3 young (3072K), 3 survivors (3072K)
 Metaspace       used 100217K, committed 101056K, reserved 1179648K
  class space    used 13939K, committed 14336K, reserved 1048576K
}

