# JRE version: OpenJDK Runtime Environment (17.0.9) (build 17.0.9+0--11185874)
# Java VM: OpenJDK 64-Bit Server VM (17.0.9+0--11185874, mixed mode, tiered, compressed oops, compressed class ptrs, g1 gc, windows-amd64)
GC Precious Log:
 CPUs: 12 total, 12 available
 Memory: 16294M
 Large Page Support: Disabled
 NUMA Support: Disabled
 Compressed Oops: Enabled (32-bit)
 Heap Region Size: 1M
 Heap Min Capacity: 8M
 Heap Initial Capacity: 256M
 Heap Max Capacity: 2G
 Pre-touch: Disabled
 Parallel Workers: 10
 Concurrent Workers: 3
 Concurrent Refinement Workers: 10
 Periodic GC: Disabled
Heap:
 garbage-first heap   total 413696K, used 245747K [0x0000000080000000, 0x0000000100000000)
  region size 1024K, 12 young (12288K), 12 survivors (12288K)
 Metaspace       used 200562K, committed 201728K, reserved 1245184K
  class space    used 26896K, committed 27456K, reserved 1048576K
GC Heap History (20 events):
Event: 956.743 GC heap after
{Heap after GC invocations=87 (full 0):
 garbage-first heap   total 413696K, used 191084K [0x0000000080000000, 0x0000000100000000)
  region size 1024K, 2 young (2048K), 2 survivors (2048K)
 Metaspace       used 149833K, committed 150848K, reserved 1179648K
  class space    used 21469K, committed 21952K, reserved 1048576K
}
Event: 957.299 GC heap before
{Heap before GC invocations=87 (full 0):
 garbage-first heap   total 413696K, used 221804K [0x0000000080000000, 0x0000000100000000)
  region size 1024K, 33 young (33792K), 2 survivors (2048K)
 Metaspace       used 154456K, committed 155456K, reserved 1245184K
  class space    used 22074K, committed 22528K, reserved 1048576K
}
Event: 957.301 GC heap after
{Heap after GC invocations=88 (full 0):
 garbage-first heap   total 413696K, used 190787K [0x0000000080000000, 0x0000000100000000)
  region size 1024K, 2 young (2048K), 2 survivors (2048K)
 Metaspace       used 154456K, committed 155456K, reserved 1245184K
  class space    used 22074K, committed 22528K, reserved 1048576K
}
Event: 958.951 GC heap before
{Heap before GC invocations=89 (full 0):
 garbage-first heap   total 413696K, used 342339K [0x0000000080000000, 0x0000000100000000)
  region size 1024K, 136 young (139264K), 2 survivors (2048K)
 Metaspace       used 159016K, committed 160064K, reserved 1245184K
  class space    used 22590K, committed 23040K, reserved 1048576K
}
Event: 958.965 GC heap after
{Heap after GC invocations=90 (full 0):
 garbage-first heap   total 413696K, used 227516K [0x0000000080000000, 0x0000000100000000)
  region size 1024K, 17 young (17408K), 17 survivors (17408K)
 Metaspace       used 159016K, committed 160064K, reserved 1245184K
  class space    used 22590K, committed 23040K, reserved 1048576K
}
Event: 958.973 GC heap before
{Heap before GC invocations=90 (full 0):
 garbage-first heap   total 413696K, used 230588K [0x0000000080000000, 0x0000000100000000)
  region size 1024K, 20 young (20480K), 17 survivors (17408K)
 Metaspace       used 159118K, committed 160192K, reserved 1245184K
  class space    used 22590K, committed 23040K, reserved 1048576K
}
Event: 958.989 GC heap after
{Heap after GC invocations=91 (full 0):
 garbage-first heap   total 413696K, used 214089K [0x0000000080000000, 0x0000000100000000)
  region size 1024K, 3 young (3072K), 3 survivors (3072K)
 Metaspace       used 159118K, committed 160192K, reserved 1245184K
  class space    used 22590K, committed 23040K, reserved 1048576K
}
Event: 960.210 GC heap before
{Heap before GC invocations=91 (full 0):
 garbage-first heap   total 413696K, used 323657K [0x0000000080000000, 0x0000000100000000)
  region size 1024K, 110 young (112640K), 3 survivors (3072K)
 Metaspace       used 171593K, committed 172672K, reserved 1245184K
  class space    used 23932K, committed 24448K, reserved 1048576K
}
Event: 960.214 GC heap after
{Heap after GC invocations=92 (full 0):
 garbage-first heap   total 413696K, used 218009K [0x0000000080000000, 0x0000000100000000)
  region size 1024K, 7 young (7168K), 7 survivors (7168K)
 Metaspace       used 171593K, committed 172672K, reserved 1245184K
  class space    used 23932K, committed 24448K, reserved 1048576K
}
Event: 961.521 GC heap before
{Heap before GC invocations=93 (full 0):
 garbage-first heap   total 413696K, used 329625K [0x0000000080000000, 0x0000000100000000)
  region size 1024K, 116 young (118784K), 7 survivors (7168K)
 Metaspace       used 179501K, committed 180608K, reserved 1245184K
  class space    used 24881K, committed 25408K, reserved 1048576K
}
Event: 961.526 GC heap after
{Heap after GC invocations=94 (full 0):
 garbage-first heap   total 413696K, used 224003K [0x0000000080000000, 0x0000000100000000)
  region size 1024K, 12 young (12288K), 12 survivors (12288K)
 Metaspace       used 179501K, committed 180608K, reserved 1245184K
  class space    used 24881K, committed 25408K, reserved 1048576K
}
Event: 961.588 GC heap before
{Heap before GC invocations=94 (full 0):
 garbage-first heap   total 413696K, used 232195K [0x0000000080000000, 0x0000000100000000)
  region size 1024K, 20 young (20480K), 12 survivors (12288K)
 Metaspace       used 179785K, committed 180928K, reserved 1245184K
  class space    used 24923K, committed 25472K, reserved 1048576K
}
Event: 961.594 GC heap after
{Heap after GC invocations=95 (full 0):
 garbage-first heap   total 413696K, used 223348K [0x0000000080000000, 0x0000000100000000)
  region size 1024K, 3 young (3072K), 3 survivors (3072K)
 Metaspace       used 179785K, committed 180928K, reserved 1245184K
  class space    used 24923K, committed 25472K, reserved 1048576K
}
Event: 963.079 GC heap before
{Heap before GC invocations=95 (full 0):
 garbage-first heap   total 413696K, used 334964K [0x0000000080000000, 0x0000000100000000)
  region size 1024K, 112 young (114688K), 3 survivors (3072K)
 Metaspace       used 194371K, committed 195456K, reserved 1245184K
  class space    used 26480K, committed 27008K, reserved 1048576K
}
Event: 963.082 GC heap after
{Heap after GC invocations=96 (full 0):
 garbage-first heap   total 413696K, used 225590K [0x0000000080000000, 0x0000000100000000)
  region size 1024K, 5 young (5120K), 5 survivors (5120K)
 Metaspace       used 194371K, committed 195456K, reserved 1245184K
  class space    used 26480K, committed 27008K, reserved 1048576K
}
Event: 966.128 GC heap before
{Heap before GC invocations=97 (full 0):
 garbage-first heap   total 413696K, used 341302K [0x0000000080000000, 0x0000000100000000)
  region size 1024K, 117 young (119808K), 5 survivors (5120K)
 Metaspace       used 195166K, committed 196288K, reserved 1245184K
  class space    used 26545K, committed 27072K, reserved 1048576K
}
Event: 966.135 GC heap after
{Heap after GC invocations=98 (full 0):
 garbage-first heap   total 413696K, used 237387K [0x0000000080000000, 0x0000000100000000)
  region size 1024K, 15 young (15360K), 15 survivors (15360K)
 Metaspace       used 195166K, committed 196288K, reserved 1245184K
  class space    used 26545K, committed 27072K, reserved 1048576K
}
Event: 966.142 GC heap before
{Heap before GC invocations=98 (full 0):
 garbage-first heap   total 413696K, used 242507K [0x0000000080000000, 0x0000000100000000)
  region size 1024K, 20 young (20480K), 15 survivors (15360K)
 Metaspace       used 195178K, committed 196288K, reserved 1245184K
  class space    used 26545K, committed 27072K, reserved 1048576K
}
Event: 966.150 GC heap after
{Heap after GC invocations=99 (full 0):
 garbage-first heap   total 413696K, used 236811K [0x0000000080000000, 0x0000000100000000)
  region size 1024K, 3 young (3072K), 3 survivors (3072K)
 Metaspace       used 195178K, committed 196288K, reserved 1245184K
  class space    used 26545K, committed 27072K, reserved 1048576K
}
Event: 968.166 GC heap before
{Heap before GC invocations=99 (full 0):
 garbage-first heap   total 413696K, used 340235K [0x0000000080000000, 0x0000000100000000)
  region size 1024K, 105 young (107520K), 3 survivors (3072K)
 Metaspace       used 200562K, committed 201728K, reserved 1245184K
  class space    used 26896K, committed 27456K, reserved 1048576K
}

