# JRE version: OpenJDK Runtime Environment (17.0.9) (build 17.0.9+0--11185874)
# Java VM: OpenJDK 64-Bit Server VM (17.0.9+0--11185874, mixed mode, tiered, compressed oops, compressed class ptrs, g1 gc, windows-amd64)
GC Precious Log:
 CPUs: 12 total, 12 available
 Memory: 16294M
 Large Page Support: Disabled
 NUMA Support: Disabled
 Compressed Oops: Enabled (32-bit)
 Heap Region Size: 1M
 Heap Min Capacity: 8M
 Heap Initial Capacity: 256M
 Heap Max Capacity: 2G
 Pre-touch: Disabled
 Parallel Workers: 10
 Concurrent Workers: 3
 Concurrent Refinement Workers: 10
 Periodic GC: Disabled
Heap:
 garbage-first heap   total 217088K, used 140015K [0x0000000080000000, 0x0000000100000000)
  region size 1024K, 10 young (10240K), 1 survivors (1024K)
 Metaspace       used 100937K, committed 101696K, reserved 1179648K
  class space    used 13838K, committed 14208K, reserved 1048576K
GC Heap History (20 events):
Event: 14.186 GC heap before
{Heap before GC invocations=47 (full 0):
 garbage-first heap   total 155648K, used 134486K [0x0000000080000000, 0x0000000100000000)
  region size 1024K, 20 young (20480K), 2 survivors (2048K)
 Metaspace       used 99437K, committed 100096K, reserved 1179648K
  class space    used 13599K, committed 13888K, reserved 1048576K
}
Event: 14.188 GC heap after
{Heap after GC invocations=48 (full 0):
 garbage-first heap   total 155648K, used 117765K [0x0000000080000000, 0x0000000100000000)
  region size 1024K, 3 young (3072K), 3 survivors (3072K)
 Metaspace       used 99437K, committed 100096K, reserved 1179648K
  class space    used 13599K, committed 13888K, reserved 1048576K
}
Event: 14.339 GC heap before
{Heap before GC invocations=48 (full 0):
 garbage-first heap   total 155648K, used 133125K [0x0000000080000000, 0x0000000100000000)
  region size 1024K, 19 young (19456K), 3 survivors (3072K)
 Metaspace       used 99438K, committed 100096K, reserved 1179648K
  class space    used 13599K, committed 13888K, reserved 1048576K
}
Event: 14.342 GC heap after
{Heap after GC invocations=49 (full 0):
 garbage-first heap   total 155648K, used 120627K [0x0000000080000000, 0x0000000100000000)
  region size 1024K, 3 young (3072K), 3 survivors (3072K)
 Metaspace       used 99438K, committed 100096K, reserved 1179648K
  class space    used 13599K, committed 13888K, reserved 1048576K
}
Event: 14.420 GC heap before
{Heap before GC invocations=49 (full 0):
 garbage-first heap   total 155648K, used 133939K [0x0000000080000000, 0x0000000100000000)
  region size 1024K, 16 young (16384K), 3 survivors (3072K)
 Metaspace       used 99570K, committed 100288K, reserved 1179648K
  class space    used 13618K, committed 13952K, reserved 1048576K
}
Event: 14.422 GC heap after
{Heap after GC invocations=50 (full 0):
 garbage-first heap   total 155648K, used 120871K [0x0000000080000000, 0x0000000100000000)
  region size 1024K, 2 young (2048K), 2 survivors (2048K)
 Metaspace       used 99570K, committed 100288K, reserved 1179648K
  class space    used 13618K, committed 13952K, reserved 1048576K
}
Event: 14.611 GC heap before
{Heap before GC invocations=50 (full 0):
 garbage-first heap   total 155648K, used 132135K [0x0000000080000000, 0x0000000100000000)
  region size 1024K, 13 young (13312K), 2 survivors (2048K)
 Metaspace       used 100249K, committed 100928K, reserved 1179648K
  class space    used 13760K, committed 14080K, reserved 1048576K
}
Event: 14.613 GC heap after
{Heap after GC invocations=51 (full 0):
 garbage-first heap   total 155648K, used 122118K [0x0000000080000000, 0x0000000100000000)
  region size 1024K, 2 young (2048K), 2 survivors (2048K)
 Metaspace       used 100249K, committed 100928K, reserved 1179648K
  class space    used 13760K, committed 14080K, reserved 1048576K
}
Event: 14.769 GC heap before
{Heap before GC invocations=51 (full 0):
 garbage-first heap   total 155648K, used 132358K [0x0000000080000000, 0x0000000100000000)
  region size 1024K, 12 young (12288K), 2 survivors (2048K)
 Metaspace       used 100635K, committed 101376K, reserved 1179648K
  class space    used 13806K, committed 14144K, reserved 1048576K
}
Event: 14.771 GC heap after
{Heap after GC invocations=52 (full 0):
 garbage-first heap   total 155648K, used 123193K [0x0000000080000000, 0x0000000100000000)
  region size 1024K, 2 young (2048K), 2 survivors (2048K)
 Metaspace       used 100635K, committed 101376K, reserved 1179648K
  class space    used 13806K, committed 14144K, reserved 1048576K
}
Event: 14.845 GC heap before
{Heap before GC invocations=52 (full 0):
 garbage-first heap   total 155648K, used 133433K [0x0000000080000000, 0x0000000100000000)
  region size 1024K, 12 young (12288K), 2 survivors (2048K)
 Metaspace       used 100750K, committed 101504K, reserved 1179648K
  class space    used 13818K, committed 14144K, reserved 1048576K
}
Event: 14.847 GC heap after
{Heap after GC invocations=53 (full 0):
 garbage-first heap   total 155648K, used 124640K [0x0000000080000000, 0x0000000100000000)
  region size 1024K, 2 young (2048K), 2 survivors (2048K)
 Metaspace       used 100750K, committed 101504K, reserved 1179648K
  class space    used 13818K, committed 14144K, reserved 1048576K
}
Event: 14.939 GC heap before
{Heap before GC invocations=53 (full 0):
 garbage-first heap   total 155648K, used 132832K [0x0000000080000000, 0x0000000100000000)
  region size 1024K, 10 young (10240K), 2 survivors (2048K)
 Metaspace       used 100881K, committed 101696K, reserved 1179648K
  class space    used 13833K, committed 14208K, reserved 1048576K
}
Event: 14.941 GC heap after
{Heap after GC invocations=54 (full 0):
 garbage-first heap   total 155648K, used 126165K [0x0000000080000000, 0x0000000100000000)
  region size 1024K, 2 young (2048K), 2 survivors (2048K)
 Metaspace       used 100881K, committed 101696K, reserved 1179648K
  class space    used 13833K, committed 14208K, reserved 1048576K
}
Event: 14.994 GC heap before
{Heap before GC invocations=54 (full 0):
 garbage-first heap   total 155648K, used 134357K [0x0000000080000000, 0x0000000100000000)
  region size 1024K, 10 young (10240K), 2 survivors (2048K)
 Metaspace       used 100919K, committed 101696K, reserved 1179648K
  class space    used 13834K, committed 14208K, reserved 1048576K
}
Event: 14.996 GC heap after
{Heap after GC invocations=55 (full 0):
 garbage-first heap   total 155648K, used 128840K [0x0000000080000000, 0x0000000100000000)
  region size 1024K, 2 young (2048K), 2 survivors (2048K)
 Metaspace       used 100919K, committed 101696K, reserved 1179648K
  class space    used 13834K, committed 14208K, reserved 1048576K
}
Event: 15.036 GC heap before
{Heap before GC invocations=55 (full 0):
 garbage-first heap   total 155648K, used 134984K [0x0000000080000000, 0x0000000100000000)
  region size 1024K, 8 young (8192K), 2 survivors (2048K)
 Metaspace       used 100919K, committed 101696K, reserved 1179648K
  class space    used 13834K, committed 14208K, reserved 1048576K
}
Event: 15.037 GC heap after
{Heap after GC invocations=56 (full 0):
 garbage-first heap   total 155648K, used 130265K [0x0000000080000000, 0x0000000100000000)
  region size 1024K, 1 young (1024K), 1 survivors (1024K)
 Metaspace       used 100919K, committed 101696K, reserved 1179648K
  class space    used 13834K, committed 14208K, reserved 1048576K
}
Event: 15.057 GC heap before
{Heap before GC invocations=56 (full 0):
 garbage-first heap   total 155648K, used 135385K [0x0000000080000000, 0x0000000100000000)
  region size 1024K, 7 young (7168K), 1 survivors (1024K)
 Metaspace       used 100920K, committed 101696K, reserved 1179648K
  class space    used 13834K, committed 14208K, reserved 1048576K
}
Event: 15.058 GC heap after
{Heap after GC invocations=57 (full 0):
 garbage-first heap   total 189440K, used 131823K [0x0000000080000000, 0x0000000100000000)
  region size 1024K, 1 young (1024K), 1 survivors (1024K)
 Metaspace       used 100920K, committed 101696K, reserved 1179648K
  class space    used 13834K, committed 14208K, reserved 1048576K
}

